[     5.432] (--) Log file renamed from "/home/alberto/.local/share/xorg/Xorg.pid-761.log" to "/home/alberto/.local/share/xorg/Xorg.0.log"
[     5.433] 
X.Org X Server 1.19.6
Release Date: 2017-12-20
[     5.433] X Protocol Version 11, Revision 0
[     5.433] Build Operating System: Linux 4.4.0-119-generic x86_64 Ubuntu
[     5.433] Current Operating System: Linux alberto-VirtualBox 4.15.0-23-generic #25-Ubuntu SMP Wed May 23 18:02:16 UTC 2018 x86_64
[     5.433] Kernel command line: BOOT_IMAGE=/boot/vmlinuz-4.15.0-23-generic root=UUID=addee1b8-733e-490c-ae64-c673766989fc ro quiet splash
[     5.433] Build Date: 13 April 2018  08:07:36PM
[     5.433] xorg-server 2:1.19.6-1ubuntu4 (For technical support please see http://www.ubuntu.com/support) 
[     5.433] Current version of pixman: 0.34.0
[     5.433] 	Before reporting problems, check http://wiki.x.org
	to make sure that you have the latest version.
[     5.433] Markers: (--) probed, (**) from config file, (==) default setting,
	(++) from command line, (!!) notice, (II) informational,
	(WW) warning, (EE) error, (NI) not implemented, (??) unknown.
[     5.433] (==) Log file: "/home/alberto/.local/share/xorg/Xorg.0.log", Time: Tue Jun 26 10:20:29 2018
[     5.451] (==) Using system config directory "/usr/share/X11/xorg.conf.d"
[     5.455] (==) No Layout section.  Using the first Screen section.
[     5.455] (==) No screen section available. Using defaults.
[     5.455] (**) |-->Screen "Default Screen Section" (0)
[     5.455] (**) |   |-->Monitor "<default monitor>"
[     5.456] (==) No monitor specified for screen "Default Screen Section".
	Using a default monitor configuration.
[     5.456] (==) Automatically adding devices
[     5.456] (==) Automatically enabling devices
[     5.456] (==) Automatically adding GPU devices
[     5.456] (==) Automatically binding GPU devices
[     5.456] (==) Max clients allowed: 256, resource mask: 0x1fffff
[     5.462] (WW) The directory "/usr/share/fonts/X11/cyrillic" does not exist.
[     5.462] 	Entry deleted from font path.
[     5.462] (WW) The directory "/usr/share/fonts/X11/100dpi/" does not exist.
[     5.462] 	Entry deleted from font path.
[     5.462] (WW) The directory "/usr/share/fonts/X11/75dpi/" does not exist.
[     5.462] 	Entry deleted from font path.
[     5.462] (WW) The directory "/usr/share/fonts/X11/100dpi" does not exist.
[     5.462] 	Entry deleted from font path.
[     5.462] (WW) The directory "/usr/share/fonts/X11/75dpi" does not exist.
[     5.462] 	Entry deleted from font path.
[     5.462] (==) FontPath set to:
	/usr/share/fonts/X11/misc,
	/usr/share/fonts/X11/Type1,
	built-ins
[     5.462] (==) ModulePath set to "/usr/lib/xorg/modules"
[     5.462] (II) The server relies on udev to provide the list of input devices.
	If no devices become available, reconfigure udev or disable AutoAddDevices.
[     5.463] (II) Loader magic: 0x55acc60eb020
[     5.463] (II) Module ABI versions:
[     5.463] 	X.Org ANSI C Emulation: 0.4
[     5.463] 	X.Org Video Driver: 23.0
[     5.463] 	X.Org XInput driver : 24.1
[     5.463] 	X.Org Server Extension : 10.0
[     5.464] (++) using VT number 1

[     5.466] (II) systemd-logind: took control of session /org/freedesktop/login1/session/_31
[     5.471] (II) xfree86: Adding drm device (/dev/dri/card0)
[     5.472] (II) systemd-logind: got fd for /dev/dri/card0 226:0 fd 12 paused 0
[     5.473] (--) PCI:*(0:0:2:0) 80ee:beef:0000:0000 rev 0, Mem @ 0xe0000000/16777216, BIOS @ 0x????????/131072
[     5.473] (II) LoadModule: "glx"
[     5.476] (II) Loading /usr/lib/xorg/modules/extensions/libglx.so
[     5.510] (II) Module glx: vendor="X.Org Foundation"
[     5.510] 	compiled for 1.19.6, module version = 1.0.0
[     5.510] 	ABI class: X.Org Server Extension, version 10.0
[     5.510] (==) Matched vboxvideo as autoconfigured driver 0
[     5.510] (==) Matched vboxvideo as autoconfigured driver 1
[     5.510] (==) Matched modesetting as autoconfigured driver 2
[     5.510] (==) Matched fbdev as autoconfigured driver 3
[     5.510] (==) Matched vesa as autoconfigured driver 4
[     5.510] (==) Assigned the driver to the xf86ConfigLayout
[     5.510] (II) LoadModule: "vboxvideo"
[     5.510] (WW) Warning, couldn't open module vboxvideo
[     5.510] (II) UnloadModule: "vboxvideo"
[     5.510] (II) Unloading vboxvideo
[     5.510] (EE) Failed to load module "vboxvideo" (module does not exist, 0)
[     5.510] (II) LoadModule: "modesetting"
[     5.510] (II) Loading /usr/lib/xorg/modules/drivers/modesetting_drv.so
[     5.512] (II) Module modesetting: vendor="X.Org Foundation"
[     5.512] 	compiled for 1.19.6, module version = 1.19.6
[     5.512] 	Module class: X.Org Video Driver
[     5.512] 	ABI class: X.Org Video Driver, version 23.0
[     5.512] (II) LoadModule: "fbdev"
[     5.512] (II) Loading /usr/lib/xorg/modules/drivers/fbdev_drv.so
[     5.516] (II) Module fbdev: vendor="X.Org Foundation"
[     5.516] 	compiled for 1.19.3, module version = 0.4.4
[     5.516] 	Module class: X.Org Video Driver
[     5.516] 	ABI class: X.Org Video Driver, version 23.0
[     5.516] (II) LoadModule: "vesa"
[     5.516] (II) Loading /usr/lib/xorg/modules/drivers/vesa_drv.so
[     5.517] (II) Module vesa: vendor="X.Org Foundation"
[     5.517] 	compiled for 1.19.3, module version = 2.3.4
[     5.517] 	Module class: X.Org Video Driver
[     5.517] 	ABI class: X.Org Video Driver, version 23.0
[     5.517] (==) Matched vboxvideo as autoconfigured driver 0
[     5.517] (==) Matched vboxvideo as autoconfigured driver 1
[     5.517] (==) Matched modesetting as autoconfigured driver 2
[     5.517] (==) Matched fbdev as autoconfigured driver 3
[     5.517] (==) Matched vesa as autoconfigured driver 4
[     5.517] (==) Assigned the driver to the xf86ConfigLayout
[     5.517] (II) LoadModule: "vboxvideo"
[     5.517] (WW) Warning, couldn't open module vboxvideo
[     5.517] (II) UnloadModule: "vboxvideo"
[     5.517] (II) Unloading vboxvideo
[     5.517] (EE) Failed to load module "vboxvideo" (module does not exist, 0)
[     5.517] (II) LoadModule: "modesetting"
[     5.517] (II) Loading /usr/lib/xorg/modules/drivers/modesetting_drv.so
[     5.517] (II) Module modesetting: vendor="X.Org Foundation"
[     5.517] 	compiled for 1.19.6, module version = 1.19.6
[     5.517] 	Module class: X.Org Video Driver
[     5.517] 	ABI class: X.Org Video Driver, version 23.0
[     5.517] (II) UnloadModule: "modesetting"
[     5.517] (II) Unloading modesetting
[     5.517] (II) Failed to load module "modesetting" (already loaded, 0)
[     5.517] (II) LoadModule: "fbdev"
[     5.517] (II) Loading /usr/lib/xorg/modules/drivers/fbdev_drv.so
[     5.517] (II) Module fbdev: vendor="X.Org Foundation"
[     5.517] 	compiled for 1.19.3, module version = 0.4.4
[     5.517] 	Module class: X.Org Video Driver
[     5.517] 	ABI class: X.Org Video Driver, version 23.0
[     5.517] (II) UnloadModule: "fbdev"
[     5.517] (II) Unloading fbdev
[     5.517] (II) Failed to load module "fbdev" (already loaded, 0)
[     5.517] (II) LoadModule: "vesa"
[     5.517] (II) Loading /usr/lib/xorg/modules/drivers/vesa_drv.so
[     5.517] (II) Module vesa: vendor="X.Org Foundation"
[     5.517] 	compiled for 1.19.3, module version = 2.3.4
[     5.517] 	Module class: X.Org Video Driver
[     5.517] 	ABI class: X.Org Video Driver, version 23.0
[     5.517] (II) UnloadModule: "vesa"
[     5.517] (II) Unloading vesa
[     5.517] (II) Failed to load module "vesa" (already loaded, 0)
[     5.517] (II) modesetting: Driver for Modesetting Kernel Drivers: kms
[     5.517] (II) FBDEV: driver for framebuffer: fbdev
[     5.517] (II) VESA: driver for VESA chipsets: vesa
[     5.517] xf86EnableIOPorts: failed to set IOPL for I/O (Operation not permitted)
[     5.517] (II) modeset(0): using drv /dev/dri/card0
[     5.517] (WW) Falling back to old probe method for fbdev
[     5.517] (II) Loading sub module "fbdevhw"
[     5.517] (II) LoadModule: "fbdevhw"
[     5.517] (II) Loading /usr/lib/xorg/modules/libfbdevhw.so
[     5.519] (II) Module fbdevhw: vendor="X.Org Foundation"
[     5.519] 	compiled for 1.19.6, module version = 0.0.2
[     5.519] 	ABI class: X.Org Video Driver, version 23.0
[     5.519] (EE) open /dev/fb0: Permission denied
[     5.519] (WW) Falling back to old probe method for vesa
[     5.519] (WW) VGA arbiter: cannot open kernel arbiter, no multi-card support
[     5.519] (II) modeset(0): Creating default Display subsection in Screen section
	"Default Screen Section" for depth/fbbpp 24/32
[     5.519] (==) modeset(0): Depth 24, (==) framebuffer bpp 32
[     5.519] (==) modeset(0): RGB weight 888
[     5.519] (==) modeset(0): Default visual is TrueColor
[     5.519] (II) Loading sub module "glamoregl"
[     5.519] (II) LoadModule: "glamoregl"
[     5.519] (II) Loading /usr/lib/xorg/modules/libglamoregl.so
[     5.539] (II) Module glamoregl: vendor="X.Org Foundation"
[     5.539] 	compiled for 1.19.6, module version = 1.0.0
[     5.539] 	ABI class: X.Org ANSI C Emulation, version 0.4
[     5.539] (II) glamor: OpenGL accelerated X.org driver based.
[     5.812] (II) glamor: EGL version 1.4 (DRI2):
[     5.812] EGL_MESA_drm_image required.
[     5.813] (EE) modeset(0): glamor initialization failed
[     5.813] (II) modeset(0): ShadowFB: preferred NO, enabled NO
[     5.813] (II) modeset(0): Output VGA-1 has no monitor section
[     5.813] (II) modeset(0): EDID for output VGA-1
[     5.813] (II) modeset(0): Manufacturer: VBX  Model: 0  Serial#: 63899520
[     5.813] (II) modeset(0): Year: 1990  Week: 1
[     5.813] (II) modeset(0): EDID Version: 1.3
[     5.813] (II) modeset(0): Digital Display Input
[     5.813] (II) modeset(0): Indeterminate output size
[     5.813] (II) modeset(0): Gamma: 2.20
[     5.813] (II) modeset(0): DPMS capabilities: StandBy Suspend Off
[     5.813] (II) modeset(0): Supported color encodings: RGB 4:4:4 YCrCb 4:4:4 
[     5.813] (II) modeset(0): Default color space is primary color space
[     5.813] (II) modeset(0): First detailed timing is preferred mode
[     5.813] (II) modeset(0): redX: 0.640 redY: 0.330   greenX: 0.300 greenY: 0.600
[     5.813] (II) modeset(0): blueX: 0.150 blueY: 0.060   whiteX: 0.312 whiteY: 0.329
[     5.813] (II) modeset(0): Manufacturer's mask: 0
[     5.813] (II) modeset(0): Supported detailed timing:
[     5.813] (II) modeset(0): clock: 113.4 MHz   Image Size:  0 x 0 mm
[     5.813] (II) modeset(0): h_active: 1920  h_sync: 1922  h_sync_end 1924 h_blank_end 1926 h_border: 0
[     5.813] (II) modeset(0): v_active: 975  v_sync: 975  v_sync_end 1009 v_blanking: 981 v_border: 0
[     5.813] (II) modeset(0): Ranges: V min: 0 V max: 200 Hz, H min: 0 H max: 200 kHz, PixClock max 1005 MHz
[     5.813] (II) modeset(0): Monitor name: VBOX monitor
[     5.813] (II) modeset(0): EDID (in hex):
[     5.813] (II) modeset(0): 	00ffffffffffff00585800008007cf03
[     5.813] (II) modeset(0): 	0100010380000078eeee91a3544c9926
[     5.813] (II) modeset(0): 	0f505400000001010101010101010101
[     5.813] (II) modeset(0): 	010101010101482c800670cf06300202
[     5.813] (II) modeset(0): 	0202000000000000000000fd0000c800
[     5.813] (II) modeset(0): 	c864000a202020202020000000fc0056
[     5.813] (II) modeset(0): 	424f58206d6f6e69746f720a00000010
[     5.813] (II) modeset(0): 	000a2020202020202020202020200095
[     5.813] (II) modeset(0): Printing probed modes for output VGA-1
[     5.813] (II) modeset(0): Modeline "1920x975"x60.0  155.35  1920 2040 2240 2560  975 978 988 1012 -hsync +vsync (60.7 kHz P)
[     5.813] (II) modeset(0): Modeline "2560x1600"x60.0  348.50  2560 2752 3032 3504  1600 1603 1609 1658 -hsync +vsync (99.5 kHz e)
[     5.813] (II) modeset(0): Modeline "2560x1600"x60.0  268.50  2560 2608 2640 2720  1600 1603 1609 1646 +hsync -vsync (98.7 kHz e)
[     5.814] (II) modeset(0): Modeline "1920x1440"x60.0  234.00  1920 2048 2256 2600  1440 1441 1444 1500 -hsync +vsync (90.0 kHz e)
[     5.814] (II) modeset(0): Modeline "1856x1392"x60.0  218.25  1856 1952 2176 2528  1392 1393 1396 1439 -hsync +vsync (86.3 kHz e)
[     5.814] (II) modeset(0): Modeline "1792x1344"x60.0  204.75  1792 1920 2120 2448  1344 1345 1348 1394 -hsync +vsync (83.6 kHz e)
[     5.814] (II) modeset(0): Modeline "2048x1152"x60.0  162.00  2048 2074 2154 2250  1152 1153 1156 1200 +hsync +vsync (72.0 kHz e)
[     5.814] (II) modeset(0): Modeline "1920x1200"x59.9  193.25  1920 2056 2256 2592  1200 1203 1209 1245 -hsync +vsync (74.6 kHz e)
[     5.814] (II) modeset(0): Modeline "1920x1200"x60.0  154.00  1920 1968 2000 2080  1200 1203 1209 1235 +hsync -vsync (74.0 kHz e)
[     5.814] (II) modeset(0): Modeline "1920x1080"x60.0  148.50  1920 2008 2052 2200  1080 1084 1089 1125 -hsync -vsync (67.5 kHz e)
[     5.814] (II) modeset(0): Modeline "1600x1200"x60.0  162.00  1600 1664 1856 2160  1200 1201 1204 1250 +hsync +vsync (75.0 kHz e)
[     5.814] (II) modeset(0): Modeline "1680x1050"x60.0  146.25  1680 1784 1960 2240  1050 1053 1059 1089 -hsync +vsync (65.3 kHz e)
[     5.814] (II) modeset(0): Modeline "1680x1050"x59.9  119.00  1680 1728 1760 1840  1050 1053 1059 1080 +hsync -vsync (64.7 kHz e)
[     5.814] (II) modeset(0): Modeline "1400x1050"x60.0  121.75  1400 1488 1632 1864  1050 1053 1057 1089 -hsync +vsync (65.3 kHz e)
[     5.814] (II) modeset(0): Modeline "1400x1050"x59.9  101.00  1400 1448 1480 1560  1050 1053 1057 1080 +hsync -vsync (64.7 kHz e)
[     5.814] (II) modeset(0): Modeline "1600x900"x60.0  108.00  1600 1624 1704 1800  900 901 904 1000 +hsync +vsync (60.0 kHz e)
[     5.814] (II) modeset(0): Modeline "1280x1024"x60.0  108.00  1280 1328 1440 1688  1024 1025 1028 1066 +hsync +vsync (64.0 kHz e)
[     5.814] (II) modeset(0): Modeline "1440x900"x59.9  106.50  1440 1520 1672 1904  900 903 909 934 -hsync +vsync (55.9 kHz e)
[     5.814] (II) modeset(0): Modeline "1440x900"x59.9   88.75  1440 1488 1520 1600  900 903 909 926 +hsync -vsync (55.5 kHz e)
[     5.814] (II) modeset(0): Modeline "1280x960"x60.0  108.00  1280 1376 1488 1800  960 961 964 1000 +hsync +vsync (60.0 kHz e)
[     5.814] (II) modeset(0): Modeline "1366x768"x59.8   85.50  1366 1436 1579 1792  768 771 774 798 +hsync +vsync (47.7 kHz e)
[     5.814] (II) modeset(0): Modeline "1366x768"x60.0   72.00  1366 1380 1436 1500  768 769 772 800 +hsync +vsync (48.0 kHz e)
[     5.814] (II) modeset(0): Modeline "1360x768"x60.0   85.50  1360 1424 1536 1792  768 771 777 795 +hsync +vsync (47.7 kHz e)
[     5.814] (II) modeset(0): Modeline "1280x800"x59.8   83.50  1280 1352 1480 1680  800 803 809 831 -hsync +vsync (49.7 kHz e)
[     5.814] (II) modeset(0): Modeline "1280x800"x59.9   71.00  1280 1328 1360 1440  800 803 809 823 +hsync -vsync (49.3 kHz e)
[     5.814] (II) modeset(0): Modeline "1280x768"x59.9   79.50  1280 1344 1472 1664  768 771 778 798 -hsync +vsync (47.8 kHz e)
[     5.814] (II) modeset(0): Modeline "1280x768"x60.0   68.25  1280 1328 1360 1440  768 771 778 790 +hsync -vsync (47.4 kHz e)
[     5.814] (II) modeset(0): Modeline "1280x720"x60.0   74.25  1280 1390 1430 1650  720 725 730 750 +hsync +vsync (45.0 kHz e)
[     5.814] (II) modeset(0): Modeline "1024x768"x60.0   65.00  1024 1048 1184 1344  768 771 777 806 -hsync -vsync (48.4 kHz e)
[     5.814] (II) modeset(0): Modeline "800x600"x60.3   40.00  800 840 968 1056  600 601 605 628 +hsync +vsync (37.9 kHz e)
[     5.814] (II) modeset(0): Modeline "800x600"x56.2   36.00  800 824 896 1024  600 601 603 625 +hsync +vsync (35.2 kHz e)
[     5.814] (II) modeset(0): Modeline "848x480"x60.0   33.75  848 864 976 1088  480 486 494 517 +hsync +vsync (31.0 kHz e)
[     5.814] (II) modeset(0): Modeline "640x480"x59.9   25.18  640 656 752 800  480 490 492 525 -hsync -vsync (31.5 kHz e)
[     5.814] (II) modeset(0): Output VGA-1 connected
[     5.814] (II) modeset(0): Using exact sizes for initial modes
[     5.814] (II) modeset(0): Output VGA-1 using initial mode 1920x975 +0+0
[     5.814] (==) modeset(0): Using gamma correction (1.0, 1.0, 1.0)
[     5.814] (==) modeset(0): DPI set to (96, 96)
[     5.814] (II) Loading sub module "fb"
[     5.814] (II) LoadModule: "fb"
[     5.816] (II) Loading /usr/lib/xorg/modules/libfb.so
[     5.818] (II) Module fb: vendor="X.Org Foundation"
[     5.818] 	compiled for 1.19.6, module version = 1.0.0
[     5.818] 	ABI class: X.Org ANSI C Emulation, version 0.4
[     5.818] (II) UnloadModule: "fbdev"
[     5.818] (II) Unloading fbdev
[     5.818] (II) UnloadSubModule: "fbdevhw"
[     5.818] (II) Unloading fbdevhw
[     5.818] (II) UnloadModule: "vesa"
[     5.818] (II) Unloading vesa
[     5.818] (==) Depth 24 pixmap format is 32 bpp
[     5.821] (==) modeset(0): Backing store enabled
[     5.821] (==) modeset(0): Silken mouse enabled
[     5.822] (II) modeset(0): RandR 1.2 enabled, ignore the following RandR disabled message.
[     5.823] (==) modeset(0): DPMS enabled
[     5.824] (--) RandR disabled
[     5.826] (II) SELinux: Disabled on system
[     5.827] (II) AIGLX: Screen 0 is not DRI2 capable
[     5.828] (EE) AIGLX: reverting to software rendering
[     5.855] (II) IGLX: enabled GLX_MESA_copy_sub_buffer
[     5.856] (II) IGLX: Loaded and initialized swrast
[     5.856] (II) GLX: Initialized DRISWRAST GL provider for screen 0
[     5.857] (II) modeset(0): Damage tracking initialized
[     5.857] (II) modeset(0): Setting screen physical size to 508 x 257
[     6.015] (II) config/udev: Adding input device Power Button (/dev/input/event0)
[     6.021] (**) Power Button: Applying InputClass "libinput keyboard catchall"
[     6.021] (II) LoadModule: "libinput"
[     6.021] (II) Loading /usr/lib/xorg/modules/input/libinput_drv.so
[     6.027] (II) Module libinput: vendor="X.Org Foundation"
[     6.027] 	compiled for 1.19.6, module version = 0.27.1
[     6.027] 	Module class: X.Org XInput Driver
[     6.027] 	ABI class: X.Org XInput driver, version 24.1
[     6.027] (II) Using input driver 'libinput' for 'Power Button'
[     6.029] (II) systemd-logind: got fd for /dev/input/event0 13:64 fd 20 paused 0
[     6.029] (**) Power Button: always reports core events
[     6.029] (**) Option "Device" "/dev/input/event0"
[     6.029] (**) Option "_source" "server/udev"
[     6.029] (II) event0  - Power Button: is tagged by udev as: Keyboard
[     6.029] (II) event0  - Power Button: device is a keyboard
[     6.029] (II) event0  - Power Button: device removed
[     6.029] (**) Option "config_info" "udev:/sys/devices/LNXSYSTM:00/LNXPWRBN:00/input/input0/event0"
[     6.029] (II) XINPUT: Adding extended input device "Power Button" (type: KEYBOARD, id 6)
[     6.029] (**) Option "xkb_model" "pc105"
[     6.029] (**) Option "xkb_layout" "us"
[     6.029] (II) event0  - Power Button: is tagged by udev as: Keyboard
[     6.029] (II) event0  - Power Button: device is a keyboard
[     6.030] (II) config/udev: Adding input device Sleep Button (/dev/input/event1)
[     6.030] (**) Sleep Button: Applying InputClass "libinput keyboard catchall"
[     6.030] (II) Using input driver 'libinput' for 'Sleep Button'
[     6.032] (II) systemd-logind: got fd for /dev/input/event1 13:65 fd 23 paused 0
[     6.032] (**) Sleep Button: always reports core events
[     6.032] (**) Option "Device" "/dev/input/event1"
[     6.032] (**) Option "_source" "server/udev"
[     6.033] (II) event1  - Sleep Button: is tagged by udev as: Keyboard
[     6.033] (II) event1  - Sleep Button: device is a keyboard
[     6.033] (II) event1  - Sleep Button: device removed
[     6.033] (**) Option "config_info" "udev:/sys/devices/LNXSYSTM:00/LNXSLPBN:00/input/input1/event1"
[     6.033] (II) XINPUT: Adding extended input device "Sleep Button" (type: KEYBOARD, id 7)
[     6.033] (**) Option "xkb_model" "pc105"
[     6.033] (**) Option "xkb_layout" "us"
[     6.034] (II) event1  - Sleep Button: is tagged by udev as: Keyboard
[     6.034] (II) event1  - Sleep Button: device is a keyboard
[     6.036] (II) config/udev: Adding input device Video Bus (/dev/input/event3)
[     6.036] (**) Video Bus: Applying InputClass "libinput keyboard catchall"
[     6.036] (II) Using input driver 'libinput' for 'Video Bus'
[     6.038] (II) systemd-logind: got fd for /dev/input/event3 13:67 fd 24 paused 0
[     6.038] (**) Video Bus: always reports core events
[     6.038] (**) Option "Device" "/dev/input/event3"
[     6.038] (**) Option "_source" "server/udev"
[     6.039] (II) event3  - Video Bus: is tagged by udev as: Keyboard
[     6.039] (II) event3  - Video Bus: device is a keyboard
[     6.039] (II) event3  - Video Bus: device removed
[     6.039] (**) Option "config_info" "udev:/sys/devices/LNXSYSTM:00/LNXSYBUS:00/PNP0A03:00/LNXVIDEO:00/input/input4/event3"
[     6.039] (II) XINPUT: Adding extended input device "Video Bus" (type: KEYBOARD, id 8)
[     6.039] (**) Option "xkb_model" "pc105"
[     6.039] (**) Option "xkb_layout" "us"
[     6.040] (II) event3  - Video Bus: is tagged by udev as: Keyboard
[     6.040] (II) event3  - Video Bus: device is a keyboard
[     6.042] (II) config/udev: Adding input device VirtualBox mouse integration (/dev/input/event6)
[     6.042] (**) VirtualBox mouse integration: Applying InputClass "libinput pointer catchall"
[     6.042] (II) Using input driver 'libinput' for 'VirtualBox mouse integration'
[     6.044] (II) systemd-logind: got fd for /dev/input/event6 13:70 fd 25 paused 0
[     6.044] (**) VirtualBox mouse integration: always reports core events
[     6.044] (**) Option "Device" "/dev/input/event6"
[     6.044] (**) Option "_source" "server/udev"
[     6.045] (II) event6  - VirtualBox mouse integration: is tagged by udev as: Mouse
[     6.045] (II) event6  - VirtualBox mouse integration: device is a pointer
[     6.045] (II) event6  - VirtualBox mouse integration: device removed
[     6.045] (**) Option "config_info" "udev:/sys/devices/pci0000:00/0000:00:04.0/input/input7/event6"
[     6.045] (II) XINPUT: Adding extended input device "VirtualBox mouse integration" (type: MOUSE, id 9)
[     6.045] (**) Option "AccelerationScheme" "none"
[     6.045] (**) VirtualBox mouse integration: (accel) selected scheme none/0
[     6.045] (**) VirtualBox mouse integration: (accel) acceleration factor: 2.000
[     6.045] (**) VirtualBox mouse integration: (accel) acceleration threshold: 4
[     6.046] (II) event6  - VirtualBox mouse integration: is tagged by udev as: Mouse
[     6.046] (II) event6  - VirtualBox mouse integration: device is a pointer
[     6.046] (II) config/udev: Adding input device VirtualBox mouse integration (/dev/input/js1)
[     6.046] (II) No input driver specified, ignoring this device.
[     6.046] (II) This device may have been added with another device file.
[     6.047] (II) config/udev: Adding input device VirtualBox USB Tablet (/dev/input/event5)
[     6.047] (**) VirtualBox USB Tablet: Applying InputClass "libinput pointer catchall"
[     6.047] (II) Using input driver 'libinput' for 'VirtualBox USB Tablet'
[     6.104] (II) systemd-logind: got fd for /dev/input/event5 13:69 fd 26 paused 0
[     6.104] (**) VirtualBox USB Tablet: always reports core events
[     6.104] (**) Option "Device" "/dev/input/event5"
[     6.104] (**) Option "_source" "server/udev"
[     6.105] (II) event5  - VirtualBox USB Tablet: is tagged by udev as: Mouse
[     6.105] (II) event5  - VirtualBox USB Tablet: device is a pointer
[     6.105] (II) event5  - VirtualBox USB Tablet: device removed
[     6.105] (**) Option "config_info" "udev:/sys/devices/pci0000:00/0000:00:06.0/usb1/1-1/1-1:1.0/0003:80EE:0021.0001/input/input6/event5"
[     6.105] (II) XINPUT: Adding extended input device "VirtualBox USB Tablet" (type: MOUSE, id 10)
[     6.105] (**) Option "AccelerationScheme" "none"
[     6.105] (**) VirtualBox USB Tablet: (accel) selected scheme none/0
[     6.105] (**) VirtualBox USB Tablet: (accel) acceleration factor: 2.000
[     6.105] (**) VirtualBox USB Tablet: (accel) acceleration threshold: 4
[     6.105] (II) event5  - VirtualBox USB Tablet: is tagged by udev as: Mouse
[     6.105] (II) event5  - VirtualBox USB Tablet: device is a pointer
[     6.105] (II) config/udev: Adding input device VirtualBox USB Tablet (/dev/input/js0)
[     6.105] (II) No input driver specified, ignoring this device.
[     6.105] (II) This device may have been added with another device file.
[     6.106] (II) config/udev: Adding input device VirtualBox USB Tablet (/dev/input/mouse1)
[     6.106] (II) No input driver specified, ignoring this device.
[     6.106] (II) This device may have been added with another device file.
[     6.106] (II) config/udev: Adding input device AT Translated Set 2 keyboard (/dev/input/event2)
[     6.106] (**) AT Translated Set 2 keyboard: Applying InputClass "libinput keyboard catchall"
[     6.106] (II) Using input driver 'libinput' for 'AT Translated Set 2 keyboard'
[     6.109] (II) systemd-logind: got fd for /dev/input/event2 13:66 fd 27 paused 0
[     6.109] (**) AT Translated Set 2 keyboard: always reports core events
[     6.109] (**) Option "Device" "/dev/input/event2"
[     6.110] (**) Option "_source" "server/udev"
[     6.110] (II) event2  - AT Translated Set 2 keyboard: is tagged by udev as: Keyboard
[     6.110] (II) event2  - AT Translated Set 2 keyboard: device is a keyboard
[     6.110] (II) event2  - AT Translated Set 2 keyboard: device removed
[     6.110] (**) Option "config_info" "udev:/sys/devices/platform/i8042/serio0/input/input2/event2"
[     6.110] (II) XINPUT: Adding extended input device "AT Translated Set 2 keyboard" (type: KEYBOARD, id 11)
[     6.110] (**) Option "xkb_model" "pc105"
[     6.110] (**) Option "xkb_layout" "us"
[     6.111] (II) event2  - AT Translated Set 2 keyboard: is tagged by udev as: Keyboard
[     6.111] (II) event2  - AT Translated Set 2 keyboard: device is a keyboard
[     6.111] (II) config/udev: Adding input device ImExPS/2 Generic Explorer Mouse (/dev/input/event4)
[     6.111] (**) ImExPS/2 Generic Explorer Mouse: Applying InputClass "libinput pointer catchall"
[     6.111] (II) Using input driver 'libinput' for 'ImExPS/2 Generic Explorer Mouse'
[     6.113] (II) systemd-logind: got fd for /dev/input/event4 13:68 fd 28 paused 0
[     6.113] (**) ImExPS/2 Generic Explorer Mouse: always reports core events
[     6.113] (**) Option "Device" "/dev/input/event4"
[     6.113] (**) Option "_source" "server/udev"
[     6.114] (II) event4  - ImExPS/2 Generic Explorer Mouse: is tagged by udev as: Mouse
[     6.114] (II) event4  - ImExPS/2 Generic Explorer Mouse: device is a pointer
[     6.114] (II) event4  - ImExPS/2 Generic Explorer Mouse: device removed
[     6.114] (**) Option "config_info" "udev:/sys/devices/platform/i8042/serio1/input/input5/event4"
[     6.114] (II) XINPUT: Adding extended input device "ImExPS/2 Generic Explorer Mouse" (type: MOUSE, id 12)
[     6.114] (**) Option "AccelerationScheme" "none"
[     6.114] (**) ImExPS/2 Generic Explorer Mouse: (accel) selected scheme none/0
[     6.114] (**) ImExPS/2 Generic Explorer Mouse: (accel) acceleration factor: 2.000
[     6.115] (**) ImExPS/2 Generic Explorer Mouse: (accel) acceleration threshold: 4
[     6.115] (II) event4  - ImExPS/2 Generic Explorer Mouse: is tagged by udev as: Mouse
[     6.115] (II) event4  - ImExPS/2 Generic Explorer Mouse: device is a pointer
[     6.115] (II) config/udev: Adding input device ImExPS/2 Generic Explorer Mouse (/dev/input/mouse0)
[     6.115] (II) No input driver specified, ignoring this device.
[     6.115] (II) This device may have been added with another device file.
[     6.130] (II) modeset(0): EDID vendor "VBX", prod id 0
[     6.130] (II) modeset(0): DDCModeFromDetailedTiming: 1920x996 Warning: We only handle separate sync.
[     6.131] (II) modeset(0): Using EDID range info for horizontal sync
[     6.131] (II) modeset(0): Using EDID range info for vertical refresh
[     6.133] (II) config/udev: removing device VirtualBox mouse integration
[     6.133] (**) Option "fd" "25"
[     6.133] (II) event6  - VirtualBox mouse integration: device removed
[     6.133] (II) UnloadModule: "libinput"
[     6.133] (II) systemd-logind: releasing fd for 13:70
[     6.139] (II) config/udev: Adding input device VirtualBox mouse integration (/dev/input/event6)
[     6.139] (**) VirtualBox mouse integration: Applying InputClass "libinput pointer catchall"
[     6.139] (II) Using input driver 'libinput' for 'VirtualBox mouse integration'
[     6.146] (II) systemd-logind: got fd for /dev/input/event6 13:70 fd 8 paused 0
[     6.146] (**) VirtualBox mouse integration: always reports core events
[     6.146] (**) Option "Device" "/dev/input/event6"
[     6.146] (**) Option "_source" "server/udev"
[     6.147] (II) event6  - VirtualBox mouse integration: is tagged by udev as: Mouse
[     6.147] (II) event6  - VirtualBox mouse integration: device is a pointer
[     6.147] (II) event6  - VirtualBox mouse integration: device removed
[     6.147] (**) Option "config_info" "udev:/sys/devices/pci0000:00/0000:00:04.0/input/input7/event6"
[     6.147] (II) XINPUT: Adding extended input device "VirtualBox mouse integration" (type: MOUSE, id 9)
[     6.148] (**) Option "AccelerationScheme" "none"
[     6.148] (**) VirtualBox mouse integration: (accel) selected scheme none/0
[     6.148] (**) VirtualBox mouse integration: (accel) acceleration factor: 2.000
[     6.148] (**) VirtualBox mouse integration: (accel) acceleration threshold: 4
[     6.149] (II) event6  - VirtualBox mouse integration: is tagged by udev as: Mouse
[     6.149] (II) event6  - VirtualBox mouse integration: device is a pointer
[     6.150] (II) config/udev: Adding input device VirtualBox USB Tablet (/dev/input/js0)
[     6.150] (II) No input driver specified, ignoring this device.
[     6.150] (II) This device may have been added with another device file.
[     6.150] (II) config/udev: removing GPU device /sys/devices/pci0000:00/0000:00:02.0/drm/card0 /dev/dri/card0
[     6.151] xf86: remove device 0 /sys/devices/pci0000:00/0000:00:02.0/drm/card0
[     6.151] failed to find screen to remove
[     6.151] (II) config/udev: Adding input device VirtualBox mouse integration (/dev/input/js1)
[     6.151] (II) No input driver specified, ignoring this device.
[     6.151] (II) This device may have been added with another device file.
[     7.103] (II) modeset(0): EDID vendor "VBX", prod id 0
[     7.103] (II) modeset(0): DDCModeFromDetailedTiming: 1920x996 Warning: We only handle separate sync.
[     7.103] (II) modeset(0): Using hsync ranges from config file
[     7.103] (II) modeset(0): Using vrefresh ranges from config file
[     7.196] (II) modeset(0): Allocate new frame buffer 1920x996 stride
[     9.903] (II) modeset(0): EDID vendor "VBX", prod id 0
[     9.904] (II) modeset(0): DDCModeFromDetailedTiming: 1920x996 Warning: We only handle separate sync.
[     9.904] (II) modeset(0): Using hsync ranges from config file
[     9.904] (II) modeset(0): Using vrefresh ranges from config file
