[2018-06-14 11:19:05.603] [sharedprocess] [info] main {"machineId":"c106f26b37f394e88737a798310b2d62c8ee54b2f66f9eafa9ede5136ef3a8a8"}
[2018-06-14 11:19:05.658] [sharedprocess] [info] Scanned user extensions: 0
[2018-06-14 11:19:05.793] [sharedprocess] [info] Scanned system extensions: 70
[2018-06-14 11:19:08.351] [sharedprocess] [info] Scanned user extensions: 0
[2018-06-14 11:19:08.367] [sharedprocess] [info] Scanned user extensions: 0
[2018-06-14 11:19:08.393] [sharedprocess] [info] Scanned user extensions: 0
[2018-06-14 11:19:08.793] [sharedprocess] [info] Scanned system extensions: 70
[2018-06-14 11:19:08.799] [sharedprocess] [info] Scanned system extensions: 70
[2018-06-14 11:19:10.909] [sharedprocess] [info] Scanned user extensions: 0
[2018-06-14 11:19:43.373] [sharedprocess] [info] Scanned user extensions: 0
[2018-06-14 11:19:43.376] [sharedprocess] [info] Scanned user extensions: 0
[2018-06-14 11:19:43.382] [sharedprocess] [info] Scanned user extensions: 0
[2018-06-14 11:19:43.547] [sharedprocess] [info] Scanned system extensions: 70
[2018-06-14 11:19:43.554] [sharedprocess] [info] Scanned system extensions: 70
[2018-06-14 11:19:45.620] [sharedprocess] [info] Starting to clean up unused language packs.
[2018-06-14 11:20:04.398] [sharedprocess] [info] Scanned user extensions: 0
[2018-06-14 11:20:04.409] [sharedprocess] [info] Scanned user extensions: 0
[2018-06-14 11:20:04.586] [sharedprocess] [info] Scanned system extensions: 70
[2018-06-14 11:20:04.588] [sharedprocess] [info] Scanned system extensions: 70
[2018-06-14 11:20:43.855] [sharedprocess] [info] Scanned user extensions: 0
[2018-06-14 11:20:43.856] [sharedprocess] [info] Scanned user extensions: 0
[2018-06-14 11:20:43.990] [sharedprocess] [info] Scanned system extensions: 70
[2018-06-14 11:20:43.995] [sharedprocess] [info] Scanned system extensions: 70
[2018-06-14 11:21:13.658] [sharedprocess] [info] Installing extension: vscode-styled-jsx
[2018-06-14 11:21:13.658] [sharedprocess] [info] Scanned user extensions: 0
[2018-06-14 11:21:13.910] [sharedprocess] [info] Downloaded extension: vscode-styled-jsx
[2018-06-14 11:21:14.073] [sharedprocess] [info] Extracted extension to /home/alberto/.vscode/extensions/.blanu.vscode-styled-jsx-0.2.2: blanu.vscode-styled-jsx-0.2.2
[2018-06-14 11:21:14.074] [sharedprocess] [info] Renamed to /home/alberto/.vscode/extensions/blanu.vscode-styled-jsx-0.2.2
[2018-06-14 11:21:14.074] [sharedprocess] [info] Installation completed. blanu.vscode-styled-jsx-0.2.2
[2018-06-14 11:21:14.084] [sharedprocess] [info] Extensions installed successfully: blanu.vscode-styled-jsx
[2018-06-14 11:21:14.289] [sharedprocess] [info] Scanned user extensions: 1
[2018-06-14 11:21:14.417] [sharedprocess] [info] Scanned system extensions: 70
[2018-06-14 11:21:23.596] [sharedprocess] [info] Scanned user extensions: 1
[2018-06-14 11:21:23.603] [sharedprocess] [info] Scanned user extensions: 1
[2018-06-14 11:21:23.760] [sharedprocess] [info] Scanned system extensions: 70
[2018-06-14 11:21:23.763] [sharedprocess] [info] Scanned system extensions: 70
[2018-06-14 11:21:45.802] [sharedprocess] [info] Installing extension: js-jsx-snippets
[2018-06-14 11:21:45.803] [sharedprocess] [info] Scanned user extensions: 1
[2018-06-14 11:21:46.015] [sharedprocess] [info] Downloaded extension: js-jsx-snippets
[2018-06-14 11:21:46.080] [sharedprocess] [info] Extracted extension to /home/alberto/.vscode/extensions/.skyran.js-jsx-snippets-0.0.9: skyran.js-jsx-snippets-0.0.9
[2018-06-14 11:21:46.082] [sharedprocess] [info] Renamed to /home/alberto/.vscode/extensions/skyran.js-jsx-snippets-0.0.9
[2018-06-14 11:21:46.082] [sharedprocess] [info] Installation completed. skyran.js-jsx-snippets-0.0.9
[2018-06-14 11:21:46.090] [sharedprocess] [info] Extensions installed successfully: skyran.js-jsx-snippets
[2018-06-14 11:21:46.290] [sharedprocess] [info] Scanned user extensions: 2
[2018-06-14 11:21:46.447] [sharedprocess] [info] Scanned system extensions: 70
[2018-06-14 11:21:49.516] [sharedprocess] [info] Scanned user extensions: 2
[2018-06-14 11:21:49.523] [sharedprocess] [info] Scanned user extensions: 2
[2018-06-14 11:21:49.617] [sharedprocess] [info] Scanned system extensions: 70
[2018-06-14 11:21:49.619] [sharedprocess] [info] Scanned system extensions: 70
[2018-06-14 11:22:04.752] [sharedprocess] [info] Installing extension: quokka-vscode
[2018-06-14 11:22:04.756] [sharedprocess] [info] Scanned user extensions: 2
[2018-06-14 11:22:05.439] [sharedprocess] [info] Downloaded extension: quokka-vscode
[2018-06-14 11:22:07.437] [sharedprocess] [info] Scanned user extensions: 2
[2018-06-14 11:22:07.438] [sharedprocess] [info] Scanned user extensions: 2
[2018-06-14 11:22:07.558] [sharedprocess] [info] Scanned system extensions: 70
[2018-06-14 11:22:07.563] [sharedprocess] [info] Scanned system extensions: 70
[2018-06-14 11:22:08.547] [sharedprocess] [info] Extracted extension to /home/alberto/.vscode/extensions/.wallabyjs.quokka-vscode-1.0.130: wallabyjs.quokka-vscode-1.0.130
[2018-06-14 11:22:08.547] [sharedprocess] [info] Renamed to /home/alberto/.vscode/extensions/wallabyjs.quokka-vscode-1.0.130
[2018-06-14 11:22:08.547] [sharedprocess] [info] Installation completed. wallabyjs.quokka-vscode-1.0.130
[2018-06-14 11:22:08.562] [sharedprocess] [info] Extensions installed successfully: wallabyjs.quokka-vscode
[2018-06-14 11:22:08.746] [sharedprocess] [info] Scanned user extensions: 3
[2018-06-14 11:22:08.770] [sharedprocess] [info] Scanned system extensions: 70
[2018-06-14 11:22:29.783] [sharedprocess] [info] Installing extension: vscode-react-native
[2018-06-14 11:22:29.785] [sharedprocess] [info] Scanned user extensions: 3
[2018-06-14 11:22:29.797] [sharedprocess] [info] Scanned user extensions: 3
[2018-06-14 11:22:29.882] [sharedprocess] [info] Scanned system extensions: 70
[2018-06-14 11:22:30.545] [sharedprocess] [info] Downloaded extension: vscode-react-native
[2018-06-14 11:22:33.481] [sharedprocess] [info] Extracted extension to /home/alberto/.vscode/extensions/.vsmobile.vscode-react-native-0.6.11: vsmobile.vscode-react-native-0.6.11
[2018-06-14 11:22:33.481] [sharedprocess] [info] Renamed to /home/alberto/.vscode/extensions/vsmobile.vscode-react-native-0.6.11
[2018-06-14 11:22:33.481] [sharedprocess] [info] Installation completed. vsmobile.vscode-react-native-0.6.11
[2018-06-14 11:22:33.508] [sharedprocess] [info] Extensions installed successfully: vsmobile.vscode-react-native
[2018-06-14 11:22:33.717] [sharedprocess] [info] Scanned user extensions: 4
[2018-06-14 11:22:33.728] [sharedprocess] [info] Scanned user extensions: 4
[2018-06-14 11:22:33.762] [sharedprocess] [info] Scanned user extensions: 4
[2018-06-14 11:22:33.891] [sharedprocess] [info] Scanned system extensions: 70
[2018-06-14 11:22:33.893] [sharedprocess] [info] Scanned system extensions: 70
[2018-06-14 11:22:33.916] [sharedprocess] [info] Scanned system extensions: 70
[2018-06-14 11:22:46.729] [sharedprocess] [info] Installing extension: debugger-for-chrome
[2018-06-14 11:22:46.745] [sharedprocess] [info] Scanned user extensions: 4
[2018-06-14 11:22:47.229] [sharedprocess] [info] Downloaded extension: debugger-for-chrome
[2018-06-14 11:22:49.479] [sharedprocess] [info] Extracted extension to /home/alberto/.vscode/extensions/.msjsdiag.debugger-for-chrome-4.6.0: msjsdiag.debugger-for-chrome-4.6.0
[2018-06-14 11:22:49.479] [sharedprocess] [info] Renamed to /home/alberto/.vscode/extensions/msjsdiag.debugger-for-chrome-4.6.0
[2018-06-14 11:22:49.479] [sharedprocess] [info] Installation completed. msjsdiag.debugger-for-chrome-4.6.0
[2018-06-14 11:22:49.500] [sharedprocess] [info] Extensions installed successfully: msjsdiag.debugger-for-chrome
[2018-06-14 11:22:49.727] [sharedprocess] [info] Scanned user extensions: 5
[2018-06-14 11:22:49.751] [sharedprocess] [info] Scanned system extensions: 70
[2018-06-14 11:22:51.136] [sharedprocess] [info] Scanned user extensions: 5
[2018-06-14 11:22:51.148] [sharedprocess] [info] Scanned user extensions: 5
[2018-06-14 11:22:51.234] [sharedprocess] [info] Scanned system extensions: 70
[2018-06-14 11:22:51.241] [sharedprocess] [info] Scanned system extensions: 70
[2018-06-14 11:22:59.636] [sharedprocess] [info] Installing extension: prettier-vscode
[2018-06-14 11:22:59.638] [sharedprocess] [info] Scanned user extensions: 5
[2018-06-14 11:23:02.521] [sharedprocess] [info] Downloaded extension: prettier-vscode
[2018-06-14 11:23:04.050] [sharedprocess] [info] Scanned user extensions: 5
[2018-06-14 11:23:04.073] [sharedprocess] [info] Scanned user extensions: 5
[2018-06-14 11:23:04.191] [sharedprocess] [info] Scanned system extensions: 70
[2018-06-14 11:23:04.204] [sharedprocess] [info] Scanned system extensions: 70
[2018-06-14 11:23:13.538] [sharedprocess] [info] Extracted extension to /home/alberto/.vscode/extensions/.esbenp.prettier-vscode-1.5.0: esbenp.prettier-vscode-1.5.0
[2018-06-14 11:23:13.539] [sharedprocess] [info] Renamed to /home/alberto/.vscode/extensions/esbenp.prettier-vscode-1.5.0
[2018-06-14 11:23:13.539] [sharedprocess] [info] Installation completed. esbenp.prettier-vscode-1.5.0
[2018-06-14 11:23:13.568] [sharedprocess] [info] Extensions installed successfully: esbenp.prettier-vscode
[2018-06-14 11:23:13.730] [sharedprocess] [info] Scanned user extensions: 6
[2018-06-14 11:23:13.751] [sharedprocess] [info] Scanned system extensions: 70
[2018-06-14 11:24:10.925] [sharedprocess] [info] Scanned user extensions: 6
