[2018-06-14 12:15:54.749] [exthost1] [info] extension host started
[2018-06-14 12:15:54.834] [exthost1] [info] ExtensionService#_doActivateExtension vscode.emmet {"startup":true,"activationEvent":"*"}
[2018-06-14 12:15:54.834] [exthost1] [info] ExtensionService#loadCommonJSModule /usr/share/code/resources/app/extensions/emmet/out/extension
[2018-06-14 12:15:55.052] [exthost1] [info] ExtensionService#_doActivateExtension vscode.git {"startup":true,"activationEvent":"*"}
[2018-06-14 12:15:55.052] [exthost1] [info] ExtensionService#loadCommonJSModule /usr/share/code/resources/app/extensions/git/out/main
[2018-06-14 12:15:55.561] [exthost1] [info] ExtensionService#_doActivateExtension vscode.merge-conflict {"startup":true,"activationEvent":"*"}
[2018-06-14 12:15:55.561] [exthost1] [info] ExtensionService#loadCommonJSModule /usr/share/code/resources/app/extensions/merge-conflict/out/extension
[2018-06-14 12:15:55.581] [exthost1] [info] ExtensionService#_doActivateExtension vscode.search-rg {"startup":true,"activationEvent":"*"}
[2018-06-14 12:15:55.581] [exthost1] [info] ExtensionService#loadCommonJSModule /usr/share/code/resources/app/extensions/search-rg/out/extension
[2018-06-14 12:15:55.588] [exthost1] [info] ExtensionService#_doActivateExtension esbenp.prettier-vscode {"startup":true,"activationEvent":"*"}
[2018-06-14 12:15:55.588] [exthost1] [info] ExtensionService#loadCommonJSModule /home/alberto/.vscode/extensions/esbenp.prettier-vscode-1.5.0/out/src/extension
[2018-06-14 12:15:55.843] [exthost1] [info] ExtensionService#_doActivateExtension WallabyJs.quokka-vscode {"startup":true,"activationEvent":"*"}
[2018-06-14 12:15:55.843] [exthost1] [info] ExtensionService#loadCommonJSModule /home/alberto/.vscode/extensions/wallabyjs.quokka-vscode-1.0.130/index
[2018-06-14 12:15:55.857] [exthost1] [info] eager extensions activated
[2018-06-14 12:15:55.899] [exthost1] [info] ExtensionService#_doActivateExtension vscode.configuration-editing {"startup":false,"activationEvent":"onLanguage:jsonc"}
[2018-06-14 12:15:55.899] [exthost1] [info] ExtensionService#loadCommonJSModule /usr/share/code/resources/app/extensions/configuration-editing/out/extension
[2018-06-14 12:15:55.912] [exthost1] [info] ExtensionService#_doActivateExtension vscode.json-language-features {"startup":false,"activationEvent":"onLanguage:jsonc"}
[2018-06-14 12:15:55.912] [exthost1] [info] ExtensionService#loadCommonJSModule /usr/share/code/resources/app/extensions/json-language-features/client/out/jsonMain
[2018-06-14 12:18:17.819] [exthost1] [info] ExtensionService#_doActivateExtension vscode.html-language-features {"startup":false,"activationEvent":"onLanguage:html"}
[2018-06-14 12:18:17.819] [exthost1] [info] ExtensionService#loadCommonJSModule /usr/share/code/resources/app/extensions/html-language-features/client/out/htmlMain
[2018-06-14 12:22:43.921] [exthost1] [info] ExtensionService#_doActivateExtension ms-vscode.node-debug2 {"startup":false,"activationEvent":"onDebug"}
[2018-06-14 12:22:43.921] [exthost1] [info] ExtensionService#loadCommonJSModule /usr/share/code/resources/app/extensions/ms-vscode.node-debug2/out/src/extension
[2018-06-14 12:22:43.933] [exthost1] [info] ExtensionService#_doActivateExtension vsmobile.vscode-react-native {"startup":false,"activationEvent":"onDebug"}
[2018-06-14 12:22:43.933] [exthost1] [info] ExtensionService#loadCommonJSModule /home/alberto/.vscode/extensions/vsmobile.vscode-react-native-0.6.11/src/extension/rn-extension
[2018-06-14 12:22:44.318] [exthost1] [info] ExtensionService#_doActivateExtension ms-vscode.node-debug {"startup":false,"activationEvent":"onDebugInitialConfigurations"}
[2018-06-14 12:22:44.318] [exthost1] [info] ExtensionService#loadCommonJSModule /usr/share/code/resources/app/extensions/ms-vscode.node-debug/out/node/extension/extension.js
[2018-06-14 12:22:44.343] [exthost1] [info] ExtensionService#_doActivateExtension msjsdiag.debugger-for-chrome {"startup":false,"activationEvent":"onDebugInitialConfigurations"}
[2018-06-14 12:22:44.343] [exthost1] [info] ExtensionService#loadCommonJSModule /home/alberto/.vscode/extensions/msjsdiag.debugger-for-chrome-4.6.0/out/src/extension
[2018-06-18 09:49:26.379] [exthost1] [info] extension host started
[2018-06-18 09:49:26.468] [exthost1] [info] ExtensionService#_doActivateExtension vscode.emmet {"startup":true,"activationEvent":"*"}
[2018-06-18 09:49:26.468] [exthost1] [info] ExtensionService#loadCommonJSModule /usr/share/code/resources/app/extensions/emmet/out/extension
[2018-06-18 09:49:26.735] [exthost1] [info] ExtensionService#_doActivateExtension vscode.git {"startup":true,"activationEvent":"*"}
[2018-06-18 09:49:26.735] [exthost1] [info] ExtensionService#loadCommonJSModule /usr/share/code/resources/app/extensions/git/out/main
[2018-06-18 09:49:27.202] [exthost1] [info] ExtensionService#_doActivateExtension vscode.merge-conflict {"startup":true,"activationEvent":"*"}
[2018-06-18 09:49:27.202] [exthost1] [info] ExtensionService#loadCommonJSModule /usr/share/code/resources/app/extensions/merge-conflict/out/extension
[2018-06-18 09:49:27.232] [exthost1] [info] ExtensionService#_doActivateExtension vscode.search-rg {"startup":true,"activationEvent":"*"}
[2018-06-18 09:49:27.232] [exthost1] [info] ExtensionService#loadCommonJSModule /usr/share/code/resources/app/extensions/search-rg/out/extension
[2018-06-18 09:49:27.243] [exthost1] [info] ExtensionService#_doActivateExtension esbenp.prettier-vscode {"startup":true,"activationEvent":"*"}
[2018-06-18 09:49:27.243] [exthost1] [info] ExtensionService#loadCommonJSModule /home/alberto/.vscode/extensions/esbenp.prettier-vscode-1.5.0/out/src/extension
[2018-06-18 09:49:27.679] [exthost1] [info] ExtensionService#_doActivateExtension WallabyJs.quokka-vscode {"startup":true,"activationEvent":"*"}
[2018-06-18 09:49:27.679] [exthost1] [info] ExtensionService#loadCommonJSModule /home/alberto/.vscode/extensions/wallabyjs.quokka-vscode-1.0.131/index
[2018-06-18 09:49:27.687] [exthost1] [info] eager extensions activated
[2018-06-18 09:49:27.749] [exthost1] [info] ExtensionService#_doActivateExtension vscode.html-language-features {"startup":false,"activationEvent":"onLanguage:html"}
[2018-06-18 09:49:27.749] [exthost1] [info] ExtensionService#loadCommonJSModule /usr/share/code/resources/app/extensions/html-language-features/client/out/htmlMain
[2018-06-18 09:49:30.272] [exthost1] [info] ExtensionService#_doActivateExtension techer.open-in-browser {"startup":false,"activationEvent":"onCommand:extension.openInBrowser"}
[2018-06-18 09:49:30.272] [exthost1] [info] ExtensionService#loadCommonJSModule /home/alberto/.vscode/extensions/techer.open-in-browser-1.1.0/extension
[2018-06-18 09:58:54.182] [exthost1] [info] ExtensionService#_doActivateExtension vscode.typescript-language-features {"startup":false,"activationEvent":"onLanguage:javascript"}
[2018-06-18 09:58:54.182] [exthost1] [info] ExtensionService#loadCommonJSModule /usr/share/code/resources/app/extensions/typescript-language-features/out/extension
[2018-06-18 10:00:32.744] [exthost1] [info] ExtensionService#_doActivateExtension ms-vscode.node-debug2 {"startup":false,"activationEvent":"onDebug"}
[2018-06-18 10:00:32.744] [exthost1] [info] ExtensionService#loadCommonJSModule /usr/share/code/resources/app/extensions/ms-vscode.node-debug2/out/src/extension
[2018-06-18 10:00:32.752] [exthost1] [info] ExtensionService#_doActivateExtension vsmobile.vscode-react-native {"startup":false,"activationEvent":"onDebug"}
[2018-06-18 10:00:32.752] [exthost1] [info] ExtensionService#loadCommonJSModule /home/alberto/.vscode/extensions/vsmobile.vscode-react-native-0.6.11/src/extension/rn-extension
[2018-06-18 10:00:33.164] [exthost1] [info] ExtensionService#_doActivateExtension ms-vscode.node-debug {"startup":false,"activationEvent":"onDebugInitialConfigurations"}
[2018-06-18 10:00:33.164] [exthost1] [info] ExtensionService#loadCommonJSModule /usr/share/code/resources/app/extensions/ms-vscode.node-debug/out/node/extension/extension.js
[2018-06-18 10:00:33.218] [exthost1] [info] ExtensionService#_doActivateExtension msjsdiag.debugger-for-chrome {"startup":false,"activationEvent":"onDebugInitialConfigurations"}
[2018-06-18 10:00:33.218] [exthost1] [info] ExtensionService#loadCommonJSModule /home/alberto/.vscode/extensions/msjsdiag.debugger-for-chrome-4.6.0/out/src/extension
[2018-06-18 10:02:32.509] [exthost1] [info] ExtensionService#_doActivateExtension vscode.configuration-editing {"startup":false,"activationEvent":"onLanguage:jsonc"}
[2018-06-18 10:02:32.509] [exthost1] [info] ExtensionService#loadCommonJSModule /usr/share/code/resources/app/extensions/configuration-editing/out/extension
[2018-06-18 10:02:32.545] [exthost1] [info] ExtensionService#_doActivateExtension vscode.json-language-features {"startup":false,"activationEvent":"onLanguage:jsonc"}
[2018-06-18 10:02:32.545] [exthost1] [info] ExtensionService#loadCommonJSModule /usr/share/code/resources/app/extensions/json-language-features/client/out/jsonMain
[2018-06-18 10:05:42.759] [exthost1] [info] extension host started
[2018-06-18 10:05:42.885] [exthost1] [info] ExtensionService#_doActivateExtension vscode.emmet {"startup":true,"activationEvent":"*"}
[2018-06-18 10:05:42.885] [exthost1] [info] ExtensionService#loadCommonJSModule /usr/share/code/resources/app/extensions/emmet/out/extension
[2018-06-18 10:05:43.105] [exthost1] [info] ExtensionService#_doActivateExtension vscode.git {"startup":true,"activationEvent":"*"}
[2018-06-18 10:05:43.105] [exthost1] [info] ExtensionService#loadCommonJSModule /usr/share/code/resources/app/extensions/git/out/main
[2018-06-18 10:05:43.522] [exthost1] [info] ExtensionService#_doActivateExtension vscode.merge-conflict {"startup":true,"activationEvent":"*"}
[2018-06-18 10:05:43.522] [exthost1] [info] ExtensionService#loadCommonJSModule /usr/share/code/resources/app/extensions/merge-conflict/out/extension
[2018-06-18 10:05:43.536] [exthost1] [info] ExtensionService#_doActivateExtension vscode.search-rg {"startup":true,"activationEvent":"*"}
[2018-06-18 10:05:43.537] [exthost1] [info] ExtensionService#loadCommonJSModule /usr/share/code/resources/app/extensions/search-rg/out/extension
[2018-06-18 10:05:43.543] [exthost1] [info] ExtensionService#_doActivateExtension esbenp.prettier-vscode {"startup":true,"activationEvent":"*"}
[2018-06-18 10:05:43.543] [exthost1] [info] ExtensionService#loadCommonJSModule /home/alberto/.vscode/extensions/esbenp.prettier-vscode-1.5.0/out/src/extension
[2018-06-18 10:05:43.711] [exthost1] [info] ExtensionService#_doActivateExtension WallabyJs.quokka-vscode {"startup":true,"activationEvent":"*"}
[2018-06-18 10:05:43.711] [exthost1] [info] ExtensionService#loadCommonJSModule /home/alberto/.vscode/extensions/wallabyjs.quokka-vscode-1.0.131/index
[2018-06-18 10:05:43.713] [exthost1] [info] eager extensions activated
[2018-06-18 10:05:43.740] [exthost1] [info] ExtensionService#_doActivateExtension vscode.typescript-language-features {"startup":false,"activationEvent":"onLanguage:javascript"}
[2018-06-18 10:05:43.740] [exthost1] [info] ExtensionService#loadCommonJSModule /usr/share/code/resources/app/extensions/typescript-language-features/out/extension
[2018-06-18 10:12:30.797] [exthost1] [info] extension host started
[2018-06-18 10:12:30.886] [exthost1] [info] ExtensionService#_doActivateExtension vscode.emmet {"startup":true,"activationEvent":"*"}
[2018-06-18 10:12:30.886] [exthost1] [info] ExtensionService#loadCommonJSModule /usr/share/code/resources/app/extensions/emmet/out/extension
[2018-06-18 10:12:31.035] [exthost1] [info] ExtensionService#_doActivateExtension vscode.git {"startup":true,"activationEvent":"*"}
[2018-06-18 10:12:31.035] [exthost1] [info] ExtensionService#loadCommonJSModule /usr/share/code/resources/app/extensions/git/out/main
[2018-06-18 10:12:31.198] [exthost1] [info] ExtensionService#_doActivateExtension vscode.merge-conflict {"startup":true,"activationEvent":"*"}
[2018-06-18 10:12:31.198] [exthost1] [info] ExtensionService#loadCommonJSModule /usr/share/code/resources/app/extensions/merge-conflict/out/extension
[2018-06-18 10:12:31.209] [exthost1] [info] ExtensionService#_doActivateExtension vscode.search-rg {"startup":true,"activationEvent":"*"}
[2018-06-18 10:12:31.209] [exthost1] [info] ExtensionService#loadCommonJSModule /usr/share/code/resources/app/extensions/search-rg/out/extension
[2018-06-18 10:12:31.215] [exthost1] [info] ExtensionService#_doActivateExtension esbenp.prettier-vscode {"startup":true,"activationEvent":"*"}
[2018-06-18 10:12:31.215] [exthost1] [info] ExtensionService#loadCommonJSModule /home/alberto/.vscode/extensions/esbenp.prettier-vscode-1.5.0/out/src/extension
[2018-06-18 10:12:31.597] [exthost1] [info] ExtensionService#_doActivateExtension WallabyJs.quokka-vscode {"startup":true,"activationEvent":"*"}
[2018-06-18 10:12:31.597] [exthost1] [info] ExtensionService#loadCommonJSModule /home/alberto/.vscode/extensions/wallabyjs.quokka-vscode-1.0.131/index
[2018-06-18 10:12:31.606] [exthost1] [info] eager extensions activated
[2018-06-18 10:12:31.663] [exthost1] [info] ExtensionService#_doActivateExtension vscode.typescript-language-features {"startup":false,"activationEvent":"onLanguage:javascript"}
[2018-06-18 10:12:31.663] [exthost1] [info] ExtensionService#loadCommonJSModule /usr/share/code/resources/app/extensions/typescript-language-features/out/extension
[2018-06-18 10:13:13.908] [exthost1] [info] ExtensionService#_doActivateExtension formulahendry.code-runner {"startup":false,"activationEvent":"onCommand:code-runner.run"}
[2018-06-18 10:13:13.908] [exthost1] [info] ExtensionService#loadCommonJSModule /home/alberto/.vscode/extensions/formulahendry.code-runner-0.9.3/out/src/extension
[2018-06-18 10:16:51.235] [exthost1] [info] ExtensionService#_doActivateExtension vscode.html-language-features {"startup":false,"activationEvent":"onLanguage:html"}
[2018-06-18 10:16:51.236] [exthost1] [info] ExtensionService#loadCommonJSModule /usr/share/code/resources/app/extensions/html-language-features/client/out/htmlMain
