[2018-06-25 11:25:12.685] [exthost1] [info] extension host started
[2018-06-25 11:25:12.823] [exthost1] [info] ExtensionService#_doActivateExtension vscode.emmet {"startup":true,"activationEvent":"*"}
[2018-06-25 11:25:12.823] [exthost1] [info] ExtensionService#loadCommonJSModule /usr/share/code/resources/app/extensions/emmet/out/extension
[2018-06-25 11:25:13.062] [exthost1] [info] ExtensionService#_doActivateExtension vscode.git {"startup":true,"activationEvent":"*"}
[2018-06-25 11:25:13.062] [exthost1] [info] ExtensionService#loadCommonJSModule /usr/share/code/resources/app/extensions/git/out/main
[2018-06-25 11:25:13.874] [exthost1] [info] ExtensionService#_doActivateExtension vscode.merge-conflict {"startup":true,"activationEvent":"*"}
[2018-06-25 11:25:13.874] [exthost1] [info] ExtensionService#loadCommonJSModule /usr/share/code/resources/app/extensions/merge-conflict/out/extension
[2018-06-25 11:25:13.912] [exthost1] [info] ExtensionService#_doActivateExtension vscode.search-rg {"startup":true,"activationEvent":"*"}
[2018-06-25 11:25:13.912] [exthost1] [info] ExtensionService#loadCommonJSModule /usr/share/code/resources/app/extensions/search-rg/out/extension
[2018-06-25 11:25:13.943] [exthost1] [info] ExtensionService#_doActivateExtension esbenp.prettier-vscode {"startup":true,"activationEvent":"*"}
[2018-06-25 11:25:13.943] [exthost1] [info] ExtensionService#loadCommonJSModule /home/alberto/.vscode/extensions/esbenp.prettier-vscode-1.5.0/out/src/extension
[2018-06-25 11:25:14.844] [exthost1] [info] ExtensionService#_doActivateExtension ritwickdey.LiveServer {"startup":true,"activationEvent":"*"}
[2018-06-25 11:25:14.844] [exthost1] [info] ExtensionService#loadCommonJSModule /home/alberto/.vscode/extensions/ritwickdey.liveserver-5.1.1/out/src/extension
[2018-06-25 11:25:16.212] [exthost1] [info] ExtensionService#_doActivateExtension WallabyJs.quokka-vscode {"startup":true,"activationEvent":"*"}
[2018-06-25 11:25:16.212] [exthost1] [info] ExtensionService#loadCommonJSModule /home/alberto/.vscode/extensions/wallabyjs.quokka-vscode-1.0.132/index
[2018-06-25 11:25:16.221] [exthost1] [info] eager extensions activated
[2018-06-25 11:39:23.142] [exthost1] [info] ExtensionService#_doActivateExtension vscode.typescript-language-features {"startup":false,"activationEvent":"onLanguage:javascript"}
[2018-06-25 11:39:23.142] [exthost1] [info] ExtensionService#loadCommonJSModule /usr/share/code/resources/app/extensions/typescript-language-features/out/extension
[2018-06-25 11:41:19.767] [exthost1] [info] ExtensionService#_doActivateExtension vscode.extension-editing {"startup":false,"activationEvent":"onLanguage:typescript"}
[2018-06-25 11:41:19.767] [exthost1] [info] ExtensionService#loadCommonJSModule /usr/share/code/resources/app/extensions/extension-editing/out/extension
[2018-06-25 11:50:50.128] [exthost1] [info] ExtensionService#_doActivateExtension vscode.html-language-features {"startup":false,"activationEvent":"onLanguage:html"}
[2018-06-25 11:50:50.128] [exthost1] [info] ExtensionService#loadCommonJSModule /usr/share/code/resources/app/extensions/html-language-features/client/out/htmlMain
[2018-06-25 11:52:30.167] [exthost1] [info] ExtensionService#_doActivateExtension ms-vscode.node-debug2 {"startup":false,"activationEvent":"onDebug"}
[2018-06-25 11:52:30.167] [exthost1] [info] ExtensionService#loadCommonJSModule /usr/share/code/resources/app/extensions/ms-vscode.node-debug2/out/src/extension
[2018-06-25 11:52:30.177] [exthost1] [info] ExtensionService#_doActivateExtension vsmobile.vscode-react-native {"startup":false,"activationEvent":"onDebug"}
[2018-06-25 11:52:30.177] [exthost1] [info] ExtensionService#loadCommonJSModule /home/alberto/.vscode/extensions/vsmobile.vscode-react-native-0.6.11/src/extension/rn-extension
[2018-06-25 11:52:31.143] [exthost1] [info] ExtensionService#_doActivateExtension ms-vscode.node-debug {"startup":false,"activationEvent":"onDebugInitialConfigurations"}
[2018-06-25 11:52:31.143] [exthost1] [info] ExtensionService#loadCommonJSModule /usr/share/code/resources/app/extensions/ms-vscode.node-debug/out/node/extension/extension.js
[2018-06-25 11:52:31.206] [exthost1] [info] ExtensionService#_doActivateExtension msjsdiag.debugger-for-chrome {"startup":false,"activationEvent":"onDebugInitialConfigurations"}
[2018-06-25 11:52:31.206] [exthost1] [info] ExtensionService#loadCommonJSModule /home/alberto/.vscode/extensions/msjsdiag.debugger-for-chrome-4.6.0/out/src/extension
[2018-06-25 11:52:33.792] [exthost1] [info] ExtensionService#_doActivateExtension vscode.configuration-editing {"startup":false,"activationEvent":"onLanguage:jsonc"}
[2018-06-25 11:52:33.792] [exthost1] [info] ExtensionService#loadCommonJSModule /usr/share/code/resources/app/extensions/configuration-editing/out/extension
[2018-06-25 11:52:33.829] [exthost1] [info] ExtensionService#_doActivateExtension vscode.json-language-features {"startup":false,"activationEvent":"onLanguage:jsonc"}
[2018-06-25 11:52:33.829] [exthost1] [info] ExtensionService#loadCommonJSModule /usr/share/code/resources/app/extensions/json-language-features/client/out/jsonMain
[2018-06-25 11:52:42.527] [exthost1] [info] ExtensionService#_doActivateExtension techer.open-in-browser {"startup":false,"activationEvent":"onCommand:extension.openInBrowser"}
[2018-06-25 11:52:42.527] [exthost1] [info] ExtensionService#loadCommonJSModule /home/alberto/.vscode/extensions/techer.open-in-browser-1.1.0/extension
